<html>
<head>
<title>TestNG:  Default test</title>
<link href="../testng.css" rel="stylesheet" type="text/css" />
<link href="../my-testng.css" rel="stylesheet" type="text/css" />

<style type="text/css">
.log { display: none;} 
.stack-trace { display: none;} 
</style>
<script type="text/javascript">
<!--
function flip(e) {
  current = e.style.display;
  if (current == 'block') {
    e.style.display = 'none';
    return 0;
  }
  else {
    e.style.display = 'block';
    return 1;
  }
}

function toggleBox(szDivId, elem, msg1, msg2)
{
  var res = -1;  if (document.getElementById) {
    res = flip(document.getElementById(szDivId));
  }
  else if (document.all) {
    // this is the way old msie versions work
    res = flip(document.all[szDivId]);
  }
  if(elem) {
    if(res == 0) elem.innerHTML = msg1; else elem.innerHTML = msg2;
  }

}

function toggleAllBoxes() {
  if (document.getElementsByTagName) {
    d = document.getElementsByTagName('div');
    for (i = 0; i < d.length; i++) {
      if (d[i].className == 'log') {
        flip(d[i]);
      }
    }
  }
}

// -->
</script>

</head>
<body>
<h2 align='center'>Default test</h2><table border='1' align="center">
<tr>
<td>Tests passed/Failed/Skipped:</td><td>0/1/0</td>
</tr><tr>
<td>Started on:</td><td>Wed Jun 21 08:07:05 IST 2023</td>
</tr>
<tr><td>Total time:</td><td>31 seconds (31737 ms)</td>
</tr><tr>
<td>Included groups:</td><td></td>
</tr><tr>
<td>Excluded groups:</td><td></td>
</tr>
</table><p/>
<small><i>(Hover the method name to see the test class name)</i></small><p/>
<table width='100%' border='1' class='invocation-failed'>
<tr><td colspan='4' align='center'><b>FAILED TESTS</b></td></tr>
<tr><td><b>Test method</b></td>
<td><b>Attribute(s)</b></td>
<td width="30%"><b>Exception</b></td>
<td width="10%"><b>Time (seconds)</b></td>
<td><b>Instance</b></td>
</tr>
<tr>
<td title='mindq.cucumberframeworkApril2023.runners.Runner.runScenario()'><b>runScenario</b><br>Test class: mindq.cucumberframeworkApril2023.runners.Runner<br>Test method: Runs Cucumber Scenarios<br>Parameters: "User should login with valid credentials", "This feature is about login scenarios"</td>
<td><div><pre>java.lang.AssertionError: expected [All projectS] but found [All projects]
	at org.testng.Assert.fail(Assert.java:111)
	at org.testng.Assert.failNotEquals(Assert.java:1578)
	at org.testng.Assert.assertEqualsImpl(Assert.java:150)
	at org.testng.Assert.assertEquals(Assert.java:132)
	at org.testng.Assert.assertEquals(Assert.java:656)
	at org.testng.Assert.assertEquals(Assert.java:666)
	at mindq.cucumberframeworkApril2023.stepdefinitions.LoginStepDefinitions.i_should_see_allprojects(LoginStepDefinitions.java:90)
	at ✽.I should be able to see the All projects page(file:///C:/Users/PRASHANTHI/eclipse-workspace/MindQWorkSpace/cucumberframeworkApril2023/Features/Login.feature:12)
</pre></div><a href='#' onClick='toggleBox("stack-trace260580453", this, "Click to show all stack frames", "Click to hide stack frames")'>Click to show all stack frames</a>
<div class='stack-trace' id='stack-trace260580453'><pre>java.lang.AssertionError: expected [All projectS] but found [All projects]
	at org.testng.Assert.fail(Assert.java:111)
	at org.testng.Assert.failNotEquals(Assert.java:1578)
	at org.testng.Assert.assertEqualsImpl(Assert.java:150)
	at org.testng.Assert.assertEquals(Assert.java:132)
	at org.testng.Assert.assertEquals(Assert.java:656)
	at org.testng.Assert.assertEquals(Assert.java:666)
	at mindq.cucumberframeworkApril2023.stepdefinitions.LoginStepDefinitions.i_should_see_allprojects(LoginStepDefinitions.java:90)
	at ✽.I should be able to see the All projects page(file:///C:/Users/PRASHANTHI/eclipse-workspace/MindQWorkSpace/cucumberframeworkApril2023/Features/Login.feature:12)
</pre></div></td>
<td>27</td>
<td>mindq.cucumberframeworkApril2023.runners.Runner@687e99d8</td></tr>
</table><p>
</body>
</html>