<?xml version="1.0" encoding="UTF-8"?>
<testng-results ignored="0" total="1" passed="0" failed="1" skipped="0">
  <reporter-output>
  </reporter-output>
  <suite started-at="2023-06-21T10:45:21 IST" name="Default suite" finished-at="2023-06-21T10:46:20 IST" duration-ms="59364">
    <groups>
      <group name="cucumber">
        <method signature="AbstractTestNGCucumberTests.runScenario(io.cucumber.testng.PickleWrapper,io.cucumber.testng.FeatureWrapper)[pri:0, instance:mindq.cucumberframeworkApril2023.runners.Runner@6aaceffd]" name="runScenario" class="io.cucumber.testng.AbstractTestNGCucumberTests"/>
      </group> <!-- cucumber -->
    </groups>
    <test started-at="2023-06-21T10:45:21 IST" name="Default test" finished-at="2023-06-21T10:46:20 IST" duration-ms="59364">
      <class name="mindq.cucumberframeworkApril2023.runners.Runner">
        <test-method is-config="true" signature="setUpClass(org.testng.ITestContext)[pri:0, instance:mindq.cucumberframeworkApril2023.runners.Runner@6aaceffd]" started-at="2023-06-21T10:45:21 IST" name="setUpClass" finished-at="2023-06-21T10:45:26 IST" duration-ms="5397" status="PASS">
          <params>
            <param index="0">
              <value>
                <![CDATA[org.testng.TestRunner@33ebe4f0]]>
              </value>
            </param>
          </params>
          <reporter-output>
          </reporter-output>
        </test-method> <!-- setUpClass -->
        <test-method signature="runScenario(io.cucumber.testng.PickleWrapper,io.cucumber.testng.FeatureWrapper)[pri:0, instance:mindq.cucumberframeworkApril2023.runners.Runner@6aaceffd]" started-at="2023-06-21T10:45:27 IST" name="runScenario" description="Runs Cucumber Scenarios" data-provider="scenarios" finished-at="2023-06-21T10:46:19 IST" duration-ms="52081" status="FAIL">
          <params>
            <param index="0">
              <value>
                <![CDATA["User should login with valid credentials"]]>
              </value>
            </param>
            <param index="1">
              <value>
                <![CDATA["This feature is about login scenarios"]]>
              </value>
            </param>
          </params>
          <exception class="java.lang.AssertionError">
            <message>
              <![CDATA[expected [All projectS] but found [All projects]]]>
            </message>
            <full-stacktrace>
              <![CDATA[java.lang.AssertionError: expected [All projectS] but found [All projects]
at org.testng.Assert.fail(Assert.java:111)
at org.testng.Assert.failNotEquals(Assert.java:1578)
at org.testng.Assert.assertEqualsImpl(Assert.java:150)
at org.testng.Assert.assertEquals(Assert.java:132)
at org.testng.Assert.assertEquals(Assert.java:656)
at org.testng.Assert.assertEquals(Assert.java:666)
at mindq.cucumberframeworkApril2023.stepdefinitions.LoginStepDefinitions.i_should_see_allprojects(LoginStepDefinitions.java:97)
at âœ½.I should be able to see the All projects page(file:///C:/Users/PRASHANTHI/eclipse-workspace/MindQWorkSpace/cucumberframeworkApril2023/Features/Login.feature:12)
]]>
            </full-stacktrace>
          </exception> <!-- java.lang.AssertionError -->
          <reporter-output>
          </reporter-output>
        </test-method> <!-- runScenario -->
        <test-method is-config="true" signature="tearDownClass()[pri:0, instance:mindq.cucumberframeworkApril2023.runners.Runner@6aaceffd]" started-at="2023-06-21T10:46:19 IST" name="tearDownClass" finished-at="2023-06-21T10:46:20 IST" duration-ms="1320" status="PASS">
          <reporter-output>
          </reporter-output>
        </test-method> <!-- tearDownClass -->
      </class> <!-- mindq.cucumberframeworkApril2023.runners.Runner -->
    </test> <!-- Default test -->
  </suite> <!-- Default suite -->
</testng-results>
