<?xml version="1.0" encoding="UTF-8"?>
<!-- Generated by org.testng.reporters.JUnitReportReporter -->
<testsuite hostname="LAPTOP-2NA4FFI8" failures="1" tests="1" name="mindq.cucumberframeworkApril2023.runners.Runner" time="52.081" errors="0" timestamp="2023-06-21T10:46:21 IST" skipped="0">
  <testcase classname="mindq.cucumberframeworkApril2023.runners.Runner" name="runScenario" time="52.081">
    <failure message="expected [All projectS] but found [All projects]" type="java.lang.AssertionError">
      <![CDATA[java.lang.AssertionError: expected [All projectS] but found [All projects]
at org.testng.Assert.fail(Assert.java:111)
at org.testng.Assert.failNotEquals(Assert.java:1578)
at org.testng.Assert.assertEqualsImpl(Assert.java:150)
at org.testng.Assert.assertEquals(Assert.java:132)
at org.testng.Assert.assertEquals(Assert.java:656)
at org.testng.Assert.assertEquals(Assert.java:666)
at mindq.cucumberframeworkApril2023.stepdefinitions.LoginStepDefinitions.i_should_see_allprojects(LoginStepDefinitions.java:97)
at âœ½.I should be able to see the All projects page(file:///C:/Users/PRASHANTHI/eclipse-workspace/MindQWorkSpace/cucumberframeworkApril2023/Features/Login.feature:12)
]]>
    </failure>
  </testcase> <!-- runScenario -->
</testsuite> <!-- mindq.cucumberframeworkApril2023.runners.Runner -->
